#
# There is insufficient memory for the Java Runtime Environment to continue.
# Native memory allocation (mmap) failed to map 532676608 bytes for G1 virtual space
# Possible reasons:
#   The system is out of physical RAM or swap space
#   The process is running with CompressedOops enabled, and the Java Heap may be blocking the growth of the native heap
# Possible solutions:
#   Reduce memory load on the system
#   Increase physical memory or swap space
#   Check if swap backing store is full
#   Decrease Java heap size (-Xmx/-Xms)
#   Decrease number of Java threads
#   Decrease Java thread stack sizes (-Xss)
#   Set larger code cache with -XX:ReservedCodeCacheSize=
#   JVM is running with Zero Based Compressed Oops mode in which the Java heap is
#     placed in the first 32GB address space. The Java Heap base address is the
#     maximum limit for the native heap growth. Please use -XX:HeapBaseMinAddress
#     to set the Java Heap base and to place the Java Heap above 32GB virtual address.
# This output file may be truncated or incomplete.
#
#  Out of Memory Error (os_windows.cpp:3825), pid=23476, tid=16096
#
# JRE version:  (17.0.10+8) (build )
# Java VM: OpenJDK 64-Bit Server VM (17.0.10+8-b1207.12, mixed mode, sharing, tiered, compressed oops, compressed class ptrs, g1 gc, windows-amd64)
# No core dump will be written. Minidumps are not enabled by default on client versions of Windows
#

---------------  S U M M A R Y ------------

Command Line: git4idea.http.GitAskPassApp Username for 'https://git.fa.edu.vn': 

Host: 12th Gen Intel(R) Core(TM) i5-12450H, 12 cores, 31G,  Windows 11 , 64 bit Build 22621 (10.0.22621.3527)
Time: Mon May 13 15:43:10 2024 SE Asia Standard Time elapsed time: 0.012991 seconds (0d 0h 0m 0s)

---------------  T H R E A D  ---------------

Current thread (0x0000021579139e00):  JavaThread "Unknown thread" [_thread_in_vm, id=16096, stack(0x000000eed7700000,0x000000eed7800000)]

Stack: [0x000000eed7700000,0x000000eed7800000]
Native frames: (J=compiled Java code, j=interpreted, Vv=VM code, C=native code)
V  [jvm.dll+0x687989]
V  [jvm.dll+0x84116a]
V  [jvm.dll+0x842dae]
V  [jvm.dll+0x843413]
V  [jvm.dll+0x249ccf]
V  [jvm.dll+0x684759]
V  [jvm.dll+0x67900a]
V  [jvm.dll+0x30ab0b]
V  [jvm.dll+0x311fb6]
V  [jvm.dll+0x361d5e]
V  [jvm.dll+0x361f8f]
V  [jvm.dll+0x2e07f8]
V  [jvm.dll+0x2e1764]
V  [jvm.dll+0x811c31]
V  [jvm.dll+0x36fc11]
V  [jvm.dll+0x7f0666]
V  [jvm.dll+0x3f3daf]
V  [jvm.dll+0x3f5a41]
C  [jli.dll+0x528f]
C  [ucrtbase.dll+0x29333]
C  [KERNEL32.DLL+0x1257d]
C  [ntdll.dll+0x5aa48]


---------------  P R O C E S S  ---------------

Threads class SMR info:
_java_thread_list=0x00007ff89a43df58, length=0, elements={
}

Java Threads: ( => current thread )

Other Threads:
  0x00000215791a6800 GCTaskThread "GC Thread#0" [stack: 0x000000eed7800000,0x000000eed7900000] [id=52704]
  0x00000215791b6e40 ConcurrentGCThread "G1 Main Marker" [stack: 0x000000eed7900000,0x000000eed7a00000] [id=48556]
  0x00000215791b7770 ConcurrentGCThread "G1 Conc#0" [stack: 0x000000eed7a00000,0x000000eed7b00000] [id=53144]

[error occurred during error reporting (printing all threads), id 0xc0000005, EXCEPTION_ACCESS_VIOLATION (0xc0000005) at pc=0x00007ff899bf13c7]

VM state: not at safepoint (not fully initialized)

VM Mutex/Monitor currently owned by a thread:  ([mutex/lock_event])
[0x0000021579136920] Heap_lock - owner thread: 0x0000021579139e00

Heap address: 0x0000000604800000, size: 8120 MB, Compressed Oops mode: Zero based, Oop shift amount: 3

CDS archive(s) mapped at: [0x0000000000000000-0x0000000000000000-0x0000000000000000), size 0, SharedBaseAddress: 0x0000000800000000, ArchiveRelocationMode: 1.
Narrow klass base: 0x0000000000000000, Narrow klass shift: 0, Narrow klass range: 0x0

GC Precious Log:
<Empty>

Heap:
 garbage-first heap   total 0K, used 0K [0x0000000604800000, 0x0000000800000000)
  region size 4096K, 0 young (0K), 0 survivors (0K)
 Metaspace       used 0K, committed 0K, reserved 0K
  class space    used 0K, committed 0K, reserved 0K

Heap Regions: E=young(eden), S=young(survivor), O=old, HS=humongous(starts), HC=humongous(continues), CS=collection set, F=free, OA=open archive, CA=closed archive, TAMS=top-at-mark-start (previous, next)

Card table byte_map: [0x000002157ddb0000,0x000002157ed90000] _byte_map_base: 0x000002157ad8c000

Marking Bits (Prev, Next): (CMBitMap*) 0x000002157fdb0810, (CMBitMap*) 0x000002157fdb0850
 Prev Bits: [0x000002150f000000, 0x0000021516ee0000)
 Next Bits: [0x0000021516ee0000, 0x000002151edc0000)

GC Heap History (0 events):
No events

Dll operation events (1 events):
Event: 0.008 Loaded shared library C:\Program Files\JetBrains\IntelliJ IDEA 2023.2\jbr\bin\java.dll

Deoptimization events (0 events):
No events

Classes unloaded (0 events):
No events

Classes redefined (0 events):
No events

Internal exceptions (0 events):
No events

VM Operations (0 events):
No events

Events (0 events):
No events


Dynamic libraries:
0x00007ff6b1230000 - 0x00007ff6b123a000 	C:\Program Files\JetBrains\IntelliJ IDEA 2023.2\jbr\bin\java.exe
0x00007ff917fb0000 - 0x00007ff9181c7000 	C:\Windows\SYSTEM32\ntdll.dll
0x00007ff9160e0000 - 0x00007ff9161a4000 	C:\Windows\System32\KERNEL32.DLL
0x00007ff915300000 - 0x00007ff9156a7000 	C:\Windows\System32\KERNELBASE.dll
0x000000006c120000 - 0x000000006c452000 	C:\Program Files\Norton Security\NortonData\22.23.5.106\Definitions\IPSDefs\20240510.064\IPSEng64.dll
0x00007ff916ce0000 - 0x00007ff916d92000 	C:\Windows\System32\ADVAPI32.dll
0x00007ff915fd0000 - 0x00007ff916077000 	C:\Windows\System32\msvcrt.dll
0x00007ff916a10000 - 0x00007ff916ab8000 	C:\Windows\System32\sechost.dll
0x00007ff9158e0000 - 0x00007ff915908000 	C:\Windows\System32\bcrypt.dll
0x00007ff917200000 - 0x00007ff917315000 	C:\Windows\System32\RPCRT4.dll
0x00007ff917a20000 - 0x00007ff917a28000 	C:\Windows\System32\PSAPI.DLL
0x00007ff915980000 - 0x00007ff915a91000 	C:\Windows\System32\ucrtbase.dll
0x00007ff8f5e90000 - 0x00007ff8f5eab000 	C:\Program Files\JetBrains\IntelliJ IDEA 2023.2\jbr\bin\VCRUNTIME140.dll
0x00007ff8ffce0000 - 0x00007ff8ffcf7000 	C:\Program Files\JetBrains\IntelliJ IDEA 2023.2\jbr\bin\jli.dll
0x00007ff915ce0000 - 0x00007ff915e8e000 	C:\Windows\System32\USER32.dll
0x00007ff9152d0000 - 0x00007ff9152f6000 	C:\Windows\System32\win32u.dll
0x00007ff916b00000 - 0x00007ff916b29000 	C:\Windows\System32\GDI32.dll
0x00007ff915bc0000 - 0x00007ff915cd9000 	C:\Windows\System32\gdi32full.dll
0x00007ff909fe0000 - 0x00007ff90a273000 	C:\Windows\WinSxS\amd64_microsoft.windows.common-controls_6595b64144ccf1df_6.0.22621.3527_none_270e469b73872a76\COMCTL32.dll
0x00007ff915b20000 - 0x00007ff915bba000 	C:\Windows\System32\msvcp_win.dll
0x00007ff916ac0000 - 0x00007ff916af1000 	C:\Windows\System32\IMM32.DLL
0x00007ff8f8260000 - 0x00007ff8f826c000 	C:\Program Files\JetBrains\IntelliJ IDEA 2023.2\jbr\bin\vcruntime140_1.dll
0x00007ff8e90f0000 - 0x00007ff8e917d000 	C:\Program Files\JetBrains\IntelliJ IDEA 2023.2\jbr\bin\msvcp140.dll
0x00007ff899900000 - 0x00007ff89a582000 	C:\Program Files\JetBrains\IntelliJ IDEA 2023.2\jbr\bin\server\jvm.dll
0x00007ff914a40000 - 0x00007ff914a8d000 	C:\Windows\SYSTEM32\POWRPROF.dll
0x00007ff8fdcf0000 - 0x00007ff8fdcf9000 	C:\Windows\SYSTEM32\WSOCK32.dll
0x00007ff909dc0000 - 0x00007ff909df4000 	C:\Windows\SYSTEM32\WINMM.dll
0x00007ff917410000 - 0x00007ff917481000 	C:\Windows\System32\WS2_32.dll
0x00007ff909fc0000 - 0x00007ff909fca000 	C:\Windows\SYSTEM32\VERSION.dll
0x00007ff914a20000 - 0x00007ff914a33000 	C:\Windows\SYSTEM32\UMPDC.dll
0x00007ff9142b0000 - 0x00007ff9142c8000 	C:\Windows\SYSTEM32\kernel.appcore.dll
0x00007ff90f370000 - 0x00007ff90f37a000 	C:\Program Files\JetBrains\IntelliJ IDEA 2023.2\jbr\bin\jimage.dll
0x00007ff912ac0000 - 0x00007ff912cf3000 	C:\Windows\SYSTEM32\DBGHELP.DLL
0x00007ff917a30000 - 0x00007ff917db8000 	C:\Windows\System32\combase.dll
0x00007ff917330000 - 0x00007ff917407000 	C:\Windows\System32\OLEAUT32.dll
0x00007ff902540000 - 0x00007ff902572000 	C:\Windows\SYSTEM32\dbgcore.DLL
0x00007ff915aa0000 - 0x00007ff915b19000 	C:\Windows\System32\bcryptPrimitives.dll
0x00007ff90b550000 - 0x00007ff90b575000 	C:\Program Files\JetBrains\IntelliJ IDEA 2023.2\jbr\bin\java.dll

dbghelp: loaded successfully - version: 4.0.5 - missing functions: none
symbol engine: initialized successfully - sym options: 0x614 - pdb path: .;C:\Program Files\JetBrains\IntelliJ IDEA 2023.2\jbr\bin;C:\Windows\SYSTEM32;C:\Program Files\Norton Security\NortonData\22.23.5.106\Definitions\IPSDefs\20240510.064;C:\Windows\WinSxS\amd64_microsoft.windows.common-controls_6595b64144ccf1df_6.0.22621.3527_none_270e469b73872a76;C:\Program Files\JetBrains\IntelliJ IDEA 2023.2\jbr\bin\server

VM Arguments:
java_command: git4idea.http.GitAskPassApp Username for 'https://git.fa.edu.vn': 
java_class_path (initial): C:/Program Files/JetBrains/IntelliJ IDEA 2023.2/plugins/vcs-git/lib/git4idea-rt.jar;C:/Program Files/JetBrains/IntelliJ IDEA 2023.2/lib/externalProcess-rt.jar
Launcher Type: SUN_STANDARD

[Global flags]
     intx CICompilerCount                          = 4                                         {product} {ergonomic}
     uint ConcGCThreads                            = 3                                         {product} {ergonomic}
     uint G1ConcRefinementThreads                  = 10                                        {product} {ergonomic}
   size_t G1HeapRegionSize                         = 4194304                                   {product} {ergonomic}
    uintx GCDrainStackTargetSize                   = 64                                        {product} {ergonomic}
   size_t InitialHeapSize                          = 532676608                                 {product} {ergonomic}
   size_t MarkStackSize                            = 4194304                                   {product} {ergonomic}
   size_t MaxHeapSize                              = 8514437120                                {product} {ergonomic}
   size_t MinHeapDeltaBytes                        = 4194304                                   {product} {ergonomic}
   size_t MinHeapSize                              = 8388608                                   {product} {ergonomic}
    uintx NonNMethodCodeHeapSize                   = 5839372                                {pd product} {ergonomic}
    uintx NonProfiledCodeHeapSize                  = 122909434                              {pd product} {ergonomic}
    uintx ProfiledCodeHeapSize                     = 122909434                              {pd product} {ergonomic}
    uintx ReservedCodeCacheSize                    = 251658240                              {pd product} {ergonomic}
     bool SegmentedCodeCache                       = true                                      {product} {ergonomic}
   size_t SoftMaxHeapSize                          = 8514437120                             {manageable} {ergonomic}
     bool UseCompressedClassPointers               = true                           {product lp64_product} {ergonomic}
     bool UseCompressedOops                        = true                           {product lp64_product} {ergonomic}
     bool UseG1GC                                  = true                                      {product} {ergonomic}
     bool UseLargePagesIndividualAllocation        = false                                  {pd product} {ergonomic}

Logging:
Log output configuration:
 #0: stdout all=warning uptime,level,tags
 #1: stderr all=off uptime,level,tags

Environment Variables:
PATH=D:\Git\mingw64\libexec\git-core;D:\Git\mingw64\libexec\git-core;D:\Git\mingw64\bin;D:\Git\usr\bin;C:\Users\thinh\bin;C:\Windows\system32;C:\Windows;C:\Windows\System32\Wbem;C:\Windows\System32\WindowsPowerShell\v1.0;C:\Windows\System32\OpenSSH;C:\Program Files (x86)\NVIDIA Corporation\PhysX\Common;C:\Program Files\NVIDIA Corporation\NVIDIA NvDLISR;C:\Program Files\Docker\Docker\resources\bin;D:\Git\cmd;C:\Program Files\Microsoft SQL Server\150\Tools\Binn;C:\Program Files\Microsoft SQL Server\Client SDK\ODBC\170\Tools\Binn;C:\Program Files\dotnet;C:\Program Files\nodejs;C:\Users\thinh\AppData\Local\Programs\Python\Python312\Scripts;C:\Users\thinh\AppData\Local\Programs\Python\Python312;C:\Users\thinh\AppData\Local\Programs\Python\Launcher;C:\Users\thinh\AppData\Local\Microsoft\WindowsApps;C:\Users\thinh\AppData\Local\Programs\Microsoft VS Code\bin;C:\Users\thinh\AppData\Local\Programs\Azure Data Studio\bin;C:\Program Files\JetBrains\IntelliJ IDEA 2023.2.6\bin;C:\Users\thinh\.dotnet\tools;C:\Users\thinh\AppData\Roaming\npm
USERNAME=thinh
DISPLAY=:0.0
LC_ALL=en_US.UTF-8
TERM=xterm-256color
TMPDIR=C:\Users\thinh\AppData\Local\Temp
OS=Windows_NT
PROCESSOR_IDENTIFIER=Intel64 Family 6 Model 154 Stepping 3, GenuineIntel
TMP=C:\Users\thinh\AppData\Local\Temp
TEMP=C:\Users\thinh\AppData\Local\Temp



Periodic native trim disabled

JNI global refs:
JNI global refs: 0, weak refs: 0

JNI global refs memory usage: 0, weak refs: 0

OOME stack traces (most recent first):
Classloader memory used:


---------------  S Y S T E M  ---------------

OS:
 Windows 11 , 64 bit Build 22621 (10.0.22621.3527)
OS uptime: 17 days 21:14 hours
Hyper-V role detected

CPU: total 12 (initial active 12) (6 cores per cpu, 2 threads per core) family 6 model 154 stepping 3 microcode 0x424, cx8, cmov, fxsr, ht, mmx, 3dnowpref, sse, sse2, sse3, ssse3, sse4.1, sse4.2, popcnt, lzcnt, tsc, tscinvbit, avx, avx2, aes, erms, clmul, bmi1, bmi2, adx, sha, fma, vzeroupper, clflush, clflushopt, clwb, hv
Processor Information for processor 0
  Max Mhz: 2000, Current Mhz: 2000, Mhz Limit: 2000
Processor Information for processor 1
  Max Mhz: 2000, Current Mhz: 2000, Mhz Limit: 2000
Processor Information for processor 2
  Max Mhz: 2000, Current Mhz: 2000, Mhz Limit: 2000
Processor Information for processor 3
  Max Mhz: 2000, Current Mhz: 2000, Mhz Limit: 2000
Processor Information for processor 4
  Max Mhz: 2000, Current Mhz: 2000, Mhz Limit: 2000
Processor Information for processor 5
  Max Mhz: 2000, Current Mhz: 2000, Mhz Limit: 2000
Processor Information for processor 6
  Max Mhz: 2000, Current Mhz: 2000, Mhz Limit: 2000
Processor Information for processor 7
  Max Mhz: 2000, Current Mhz: 2000, Mhz Limit: 2000
Processor Information for processor 8
  Max Mhz: 2000, Current Mhz: 1466, Mhz Limit: 2000
Processor Information for processor 9
  Max Mhz: 2000, Current Mhz: 2000, Mhz Limit: 2000
Processor Information for processor 10
  Max Mhz: 2000, Current Mhz: 1466, Mhz Limit: 2000
Processor Information for processor 11
  Max Mhz: 2000, Current Mhz: 2000, Mhz Limit: 2000

Memory: 4k page, system-wide physical 32469M (1049M free)
TotalPageFile size 65865M (AvailPageFile size 264M)
current process WorkingSet (physical memory assigned to process): 12M, peak: 12M
current process commit charge ("private bytes"): 65M, peak: 573M

vm_info: OpenJDK 64-Bit Server VM (17.0.10+8-b1207.12) for windows-amd64 JRE (17.0.10+8-b1207.12), built on 2024-03-15 by "builduser" with MS VC++ 16.10 / 16.11 (VS2019)

END.
